<?xml version="1.0" encoding="UTF-8" ?>
<testsuite tests="24" failures="0" name="com.mycompany.calculadorateste.CalculadoraJUnitTest" time="0.007" errors="0" skipped="0">
  <properties>
[...]
</properties>
  <testcase classname="com.mycompany.calculadorateste.CalculadoraJUnitTest" name="com.mycompany.calculadorateste.CalculadoraJUnitTest.testSomar1" time="0.003"/>
  <testcase classname="com.mycompany.calculadorateste.CalculadoraJUnitTest" name="com.mycompany.calculadorateste.CalculadoraJUnitTest.testSomar3" time="0"/>
  <testcase classname="com.mycompany.calculadorateste.CalculadoraJUnitTest" name="com.mycompany.calculadorateste.CalculadoraJUnitTest.testSomar2" time="0"/>
  <testcase classname="com.mycompany.calculadorateste.CalculadoraJUnitTest" name="com.mycompany.calculadorateste.CalculadoraJUnitTest.testMultiplicar2" time="0"/>
  <testcase classname="com.mycompany.calculadorateste.CalculadoraJUnitTest" name="com.mycompany.calculadorateste.CalculadoraJUnitTest.testMultiplicar4" time="0"/>
  <testcase classname="com.mycompany.calculadorateste.CalculadoraJUnitTest" name="com.mycompany.calculadorateste.CalculadoraJUnitTest.testDividir5" time="0.001"/>
  <testcase classname="com.mycompany.calculadorateste.CalculadoraJUnitTest" name="com.mycompany.calculadorateste.CalculadoraJUnitTest.testSomar5" time="0"/>
  <testcase classname="com.mycompany.calculadorateste.CalculadoraJUnitTest" name="com.mycompany.calculadorateste.CalculadoraJUnitTest.testDividir6" time="0"/>
  <testcase classname="com.mycompany.calculadorateste.CalculadoraJUnitTest" name="com.mycompany.calculadorateste.CalculadoraJUnitTest.testDividir7" time="0.001"/>
  <testcase classname="com.mycompany.calculadorateste.CalculadoraJUnitTest" name="com.mycompany.calculadorateste.CalculadoraJUnitTest.testDividir9" time="0"/>
  <testcase classname="com.mycompany.calculadorateste.CalculadoraJUnitTest" name="com.mycompany.calculadorateste.CalculadoraJUnitTest.testSubtrair4" time="0"/>
  <testcase classname="com.mycompany.calculadorateste.CalculadoraJUnitTest" name="com.mycompany.calculadorateste.CalculadoraJUnitTest.testSomar4" time="0"/>
  <testcase classname="com.mycompany.calculadorateste.CalculadoraJUnitTest" name="com.mycompany.calculadorateste.CalculadoraJUnitTest.testSubtrair3" time="0.001"/>
  <testcase classname="com.mycompany.calculadorateste.CalculadoraJUnitTest" name="com.mycompany.calculadorateste.CalculadoraJUnitTest.testMultiplicar5" time="0"/>
  <testcase classname="com.mycompany.calculadorateste.CalculadoraJUnitTest" name="com.mycompany.calculadorateste.CalculadoraJUnitTest.testDividir3" time="0"/>
  <testcase classname="com.mycompany.calculadorateste.CalculadoraJUnitTest" name="com.mycompany.calculadorateste.CalculadoraJUnitTest.testSubtrair5" time="0"/>
  <testcase classname="com.mycompany.calculadorateste.CalculadoraJUnitTest" name="com.mycompany.calculadorateste.CalculadoraJUnitTest.testDividir4" time="0"/>
  <testcase classname="com.mycompany.calculadorateste.CalculadoraJUnitTest" name="com.mycompany.calculadorateste.CalculadoraJUnitTest.testMultiplicar3" time="0"/>
  <testcase classname="com.mycompany.calculadorateste.CalculadoraJUnitTest" name="com.mycompany.calculadorateste.CalculadoraJUnitTest.testSubtrair2" time="0"/>
  <testcase classname="com.mycompany.calculadorateste.CalculadoraJUnitTest" name="com.mycompany.calculadorateste.CalculadoraJUnitTest.testDividir8" time="0"/>
  <testcase classname="com.mycompany.calculadorateste.CalculadoraJUnitTest" name="com.mycompany.calculadorateste.CalculadoraJUnitTest.testMultiplicar1" time="0"/>
  <testcase classname="com.mycompany.calculadorateste.CalculadoraJUnitTest" name="com.mycompany.calculadorateste.CalculadoraJUnitTest.testDividir2" time="0"/>
  <testcase classname="com.mycompany.calculadorateste.CalculadoraJUnitTest" name="com.mycompany.calculadorateste.CalculadoraJUnitTest.testSubtrair1" time="0.001"/>
  <testcase classname="com.mycompany.calculadorateste.CalculadoraJUnitTest" name="com.mycompany.calculadorateste.CalculadoraJUnitTest.testDividir1" time="0"/>
</testsuite>